<?xml version="1.0" encoding="UTF-8"?>
<!-- Generated by org.testng.reporters.JUnitReportReporter -->
<testsuite skipped="0" hostname="HDC1-D-C7FTXJ2" name="Group2.DataDriven.DD2XLS" tests="1" failures="0" timestamp="12 Feb 2019 06:22:36 GMT" time="0.426" errors="0">
  <testcase name="f" time="0.426" classname="Group2.DataDriven.DD2XLS"/>
</testsuite> <!-- Group2.DataDriven.DD2XLS -->
