<?xml version="1.0" encoding="UTF-8"?>
<!-- Generated by org.testng.reporters.JUnitReportReporter -->
<testsuite skipped="1" hostname="HDC1-D-C7FTXJ2" name="Group2.DataDriven.DataProvider" tests="1" failures="0" timestamp="12 Feb 2019 09:58:14 GMT" time="0.000" errors="0">
  <testcase name="f" time="0.000" classname="Group2.DataDriven.DataProvider">
    <skipped/>
  </testcase> <!-- f -->
</testsuite> <!-- Group2.DataDriven.DataProvider -->
