<?xml version="1.0" encoding="UTF-8"?>
<!-- Generated by org.testng.reporters.JUnitReportReporter -->
<testsuite skipped="0" hostname="HDC1-D-C7FTXJ2" name="Group2.DataDriven.LoginPageRepositor" tests="1" failures="0" timestamp="12 Feb 2019 10:42:51 GMT" time="19.706" errors="0">
  <testcase name="f" time="19.706" classname="Group2.DataDriven.LoginPageRepositor"/>
</testsuite> <!-- Group2.DataDriven.LoginPageRepositor -->
